c:\users\ville\onedrive\skrivbord\1dv534\labs\lab\step4\step4\step4\debug\vc141.pdb
c:\users\ville\onedrive\skrivbord\1dv534\labs\lab\step4\step4\step4\debug\vc141.idb
c:\users\ville\onedrive\skrivbord\1dv534\labs\lab\step4\step4\step4\debug\view.obj
c:\users\ville\onedrive\skrivbord\1dv534\labs\lab\step4\step4\step4\debug\registry.obj
c:\users\ville\onedrive\skrivbord\1dv534\labs\lab\step4\step4\step4\debug\postagestamp.obj
c:\users\ville\onedrive\skrivbord\1dv534\labs\lab\step4\step4\step4\debug\plant.obj
c:\users\ville\onedrive\skrivbord\1dv534\labs\lab\step4\step4\step4\debug\menu.obj
c:\users\ville\onedrive\skrivbord\1dv534\labs\lab\step4\step4\step4\debug\application.obj
c:\users\ville\onedrive\skrivbord\1dv534\labs\lab\step4\step4\step4\debug\album.obj
c:\users\ville\onedrive\skrivbord\1dv534\labs\lab\step4\step4\debug\step4.exe
c:\users\ville\onedrive\skrivbord\1dv534\labs\lab\step4\step4\debug\step4.ilk
c:\users\ville\onedrive\skrivbord\1dv534\labs\lab\step4\step4\debug\step4.pdb
c:\users\ville\onedrive\skrivbord\1dv534\labs\lab\step4\step4\step4\debug\album.nativecodeanalysis.xml
c:\users\ville\onedrive\skrivbord\1dv534\labs\lab\step4\step4\step4\debug\application.nativecodeanalysis.xml
c:\users\ville\onedrive\skrivbord\1dv534\labs\lab\step4\step4\step4\debug\menu.nativecodeanalysis.xml
c:\users\ville\onedrive\skrivbord\1dv534\labs\lab\step4\step4\step4\debug\plant.nativecodeanalysis.xml
c:\users\ville\onedrive\skrivbord\1dv534\labs\lab\step4\step4\step4\debug\postagestamp.nativecodeanalysis.xml
c:\users\ville\onedrive\skrivbord\1dv534\labs\lab\step4\step4\step4\debug\registry.nativecodeanalysis.xml
c:\users\ville\onedrive\skrivbord\1dv534\labs\lab\step4\step4\step4\debug\view.nativecodeanalysis.xml
c:\users\ville\onedrive\skrivbord\1dv534\labs\lab\step4\step4\step4\debug\step4.tlog\cl.command.1.tlog
c:\users\ville\onedrive\skrivbord\1dv534\labs\lab\step4\step4\step4\debug\step4.tlog\cl.read.1.tlog
c:\users\ville\onedrive\skrivbord\1dv534\labs\lab\step4\step4\step4\debug\step4.tlog\cl.write.1.tlog
c:\users\ville\onedrive\skrivbord\1dv534\labs\lab\step4\step4\step4\debug\step4.tlog\link.command.1.tlog
c:\users\ville\onedrive\skrivbord\1dv534\labs\lab\step4\step4\step4\debug\step4.tlog\link.read.1.tlog
c:\users\ville\onedrive\skrivbord\1dv534\labs\lab\step4\step4\step4\debug\step4.tlog\link.write.1.tlog
